{"/Users/Jhohan/Desktop/BIT/proyecto/backend/config.js": {"path":"/Users/Jhohan/Desktop/BIT/proyecto/backend/config.js","statementMap":{"0":{"start":{"line":1,"column":13},"end":{"line":1,"column":15}},"1":{"start":{"line":3,"column":0},"end":{"line":3,"column":21}},"2":{"start":{"line":4,"column":0},"end":{"line":4,"column":19}},"3":{"start":{"line":5,"column":0},"end":{"line":5,"column":37}},"4":{"start":{"line":6,"column":0},"end":{"line":6,"column":40}},"5":{"start":{"line":7,"column":0},"end":{"line":7,"column":34}},"6":{"start":{"line":10,"column":0},"end":{"line":10,"column":36}},"7":{"start":{"line":12,"column":0},"end":{"line":12,"column":23}},"8":{"start":{"line":13,"column":0},"end":{"line":13,"column":41}},"9":{"start":{"line":14,"column":0},"end":{"line":14,"column":38}},"10":{"start":{"line":15,"column":0},"end":{"line":15,"column":36}},"11":{"start":{"line":17,"column":0},"end":{"line":19,"column":1}},"12":{"start":{"line":21,"column":0},"end":{"line":21,"column":31}}},"fnMap":{},"branchMap":{},"s":{"0":1,"1":1,"2":1,"3":1,"4":1,"5":1,"6":1,"7":1,"8":1,"9":1,"10":1,"11":1,"12":1},"f":{},"b":{},"_coverageSchema":"1a1c01bbd47fc00a2c39e90264f33305004495a9","hash":"84b28ef9f609bbe4bc4ad7a73d79fe36526aeceb"}
,"/Users/Jhohan/Desktop/BIT/proyecto/backend/api/controllers/lugaresControllers.js": {"path":"/Users/Jhohan/Desktop/BIT/proyecto/backend/api/controllers/lugaresControllers.js","statementMap":{"0":{"start":{"line":1,"column":22},"end":{"line":1,"column":73}},"1":{"start":{"line":2,"column":19},"end":{"line":2,"column":77}},"2":{"start":{"line":3,"column":26},"end":{"line":3,"column":28}},"3":{"start":{"line":7,"column":0},"end":{"line":17,"column":2}},"4":{"start":{"line":8,"column":2},"end":{"line":9,"column":4}},"5":{"start":{"line":10,"column":2},"end":{"line":16,"column":5}},"6":{"start":{"line":11,"column":4},"end":{"line":15,"column":5}},"7":{"start":{"line":12,"column":6},"end":{"line":12,"column":66}},"8":{"start":{"line":14,"column":6},"end":{"line":14,"column":56}},"9":{"start":{"line":19,"column":0},"end":{"line":33,"column":1}},"10":{"start":{"line":20,"column":2},"end":{"line":22,"column":3}},"11":{"start":{"line":23,"column":2},"end":{"line":32,"column":3}},"12":{"start":{"line":24,"column":4},"end":{"line":24,"column":63}},"13":{"start":{"line":25,"column":9},"end":{"line":32,"column":3}},"14":{"start":{"line":26,"column":4},"end":{"line":26,"column":79}},"15":{"start":{"line":28,"column":4},"end":{"line":31,"column":6}},"16":{"start":{"line":29,"column":6},"end":{"line":29,"column":37}},"17":{"start":{"line":30,"column":6},"end":{"line":30,"column":41}},"18":{"start":{"line":35,"column":0},"end":{"line":39,"column":1}},"19":{"start":{"line":36,"column":2},"end":{"line":38,"column":4}},"20":{"start":{"line":37,"column":4},"end":{"line":37,"column":53}},"21":{"start":{"line":41,"column":0},"end":{"line":54,"column":1}},"22":{"start":{"line":42,"column":2},"end":{"line":49,"column":3}},"23":{"start":{"line":51,"column":2},"end":{"line":53,"column":4}},"24":{"start":{"line":52,"column":4},"end":{"line":52,"column":59}},"25":{"start":{"line":56,"column":0},"end":{"line":73,"column":1}},"26":{"start":{"line":57,"column":2},"end":{"line":59,"column":3}},"27":{"start":{"line":60,"column":2},"end":{"line":72,"column":3}},"28":{"start":{"line":61,"column":4},"end":{"line":61,"column":64}},"29":{"start":{"line":63,"column":4},"end":{"line":71,"column":6}},"30":{"start":{"line":64,"column":6},"end":{"line":70,"column":7}},"31":{"start":{"line":65,"column":8},"end":{"line":65,"column":80}},"32":{"start":{"line":67,"column":8},"end":{"line":69,"column":10}},"33":{"start":{"line":68,"column":10},"end":{"line":68,"column":63}},"34":{"start":{"line":75,"column":0},"end":{"line":96,"column":1}},"35":{"start":{"line":76,"column":15},"end":{"line":82,"column":3}},"36":{"start":{"line":84,"column":2},"end":{"line":95,"column":3}},"37":{"start":{"line":85,"column":4},"end":{"line":85,"column":65}},"38":{"start":{"line":87,"column":2},"end":{"line":94,"column":5}},"39":{"start":{"line":88,"column":4},"end":{"line":93,"column":5}},"40":{"start":{"line":89,"column":6},"end":{"line":89,"column":68}},"41":{"start":{"line":90,"column":6},"end":{"line":90,"column":19}},"42":{"start":{"line":92,"column":6},"end":{"line":92,"column":38}},"43":{"start":{"line":98,"column":0},"end":{"line":98,"column":43}}},"fnMap":{"0":{"name":"(anonymous_0)","decl":{"start":{"line":7,"column":28},"end":{"line":7,"column":29}},"loc":{"start":{"line":7,"column":51},"end":{"line":17,"column":1}},"line":7},"1":{"name":"(anonymous_1)","decl":{"start":{"line":10,"column":30},"end":{"line":10,"column":31}},"loc":{"start":{"line":10,"column":45},"end":{"line":16,"column":3}},"line":10},"2":{"name":"(anonymous_2)","decl":{"start":{"line":19,"column":29},"end":{"line":19,"column":30}},"loc":{"start":{"line":19,"column":52},"end":{"line":33,"column":1}},"line":19},"3":{"name":"(anonymous_3)","decl":{"start":{"line":28,"column":33},"end":{"line":28,"column":34}},"loc":{"start":{"line":28,"column":48},"end":{"line":31,"column":5}},"line":28},"4":{"name":"(anonymous_4)","decl":{"start":{"line":35,"column":32},"end":{"line":35,"column":33}},"loc":{"start":{"line":35,"column":55},"end":{"line":39,"column":1}},"line":35},"5":{"name":"(anonymous_5)","decl":{"start":{"line":36,"column":28},"end":{"line":36,"column":29}},"loc":{"start":{"line":36,"column":43},"end":{"line":38,"column":3}},"line":36},"6":{"name":"(anonymous_6)","decl":{"start":{"line":41,"column":31},"end":{"line":41,"column":32}},"loc":{"start":{"line":41,"column":54},"end":{"line":54,"column":1}},"line":41},"7":{"name":"(anonymous_7)","decl":{"start":{"line":51,"column":33},"end":{"line":51,"column":34}},"loc":{"start":{"line":51,"column":48},"end":{"line":53,"column":3}},"line":51},"8":{"name":"(anonymous_8)","decl":{"start":{"line":56,"column":29},"end":{"line":56,"column":30}},"loc":{"start":{"line":56,"column":52},"end":{"line":73,"column":1}},"line":56},"9":{"name":"(anonymous_9)","decl":{"start":{"line":63,"column":33},"end":{"line":63,"column":34}},"loc":{"start":{"line":63,"column":48},"end":{"line":71,"column":5}},"line":63},"10":{"name":"(anonymous_10)","decl":{"start":{"line":67,"column":37},"end":{"line":67,"column":38}},"loc":{"start":{"line":67,"column":52},"end":{"line":69,"column":9}},"line":67},"11":{"name":"(anonymous_11)","decl":{"start":{"line":75,"column":28},"end":{"line":75,"column":29}},"loc":{"start":{"line":75,"column":51},"end":{"line":96,"column":1}},"line":75},"12":{"name":"(anonymous_12)","decl":{"start":{"line":87,"column":30},"end":{"line":87,"column":31}},"loc":{"start":{"line":87,"column":45},"end":{"line":94,"column":3}},"line":87}},"branchMap":{"0":{"loc":{"start":{"line":11,"column":4},"end":{"line":15,"column":5}},"type":"if","locations":[{"start":{"line":11,"column":4},"end":{"line":15,"column":5}},{"start":{"line":13,"column":11},"end":{"line":15,"column":5}}],"line":11},"1":{"loc":{"start":{"line":23,"column":2},"end":{"line":32,"column":3}},"type":"if","locations":[{"start":{"line":23,"column":2},"end":{"line":32,"column":3}},{"start":{"line":25,"column":9},"end":{"line":32,"column":3}}],"line":23},"2":{"loc":{"start":{"line":23,"column":6},"end":{"line":23,"column":65}},"type":"binary-expr","locations":[{"start":{"line":23,"column":6},"end":{"line":23,"column":20}},{"start":{"line":23,"column":24},"end":{"line":23,"column":45}},{"start":{"line":23,"column":49},"end":{"line":23,"column":65}}],"line":23},"3":{"loc":{"start":{"line":25,"column":9},"end":{"line":32,"column":3}},"type":"if","locations":[{"start":{"line":25,"column":9},"end":{"line":32,"column":3}},{"start":{"line":27,"column":9},"end":{"line":32,"column":3}}],"line":25},"4":{"loc":{"start":{"line":60,"column":2},"end":{"line":72,"column":3}},"type":"if","locations":[{"start":{"line":60,"column":2},"end":{"line":72,"column":3}},{"start":{"line":62,"column":9},"end":{"line":72,"column":3}}],"line":60},"5":{"loc":{"start":{"line":64,"column":6},"end":{"line":70,"column":7}},"type":"if","locations":[{"start":{"line":64,"column":6},"end":{"line":70,"column":7}},{"start":{"line":66,"column":13},"end":{"line":70,"column":7}}],"line":64},"6":{"loc":{"start":{"line":84,"column":2},"end":{"line":95,"column":3}},"type":"if","locations":[{"start":{"line":84,"column":2},"end":{"line":95,"column":3}},{"start":{"line":86,"column":9},"end":{"line":95,"column":3}}],"line":84},"7":{"loc":{"start":{"line":88,"column":4},"end":{"line":93,"column":5}},"type":"if","locations":[{"start":{"line":88,"column":4},"end":{"line":93,"column":5}},{"start":{"line":91,"column":11},"end":{"line":93,"column":5}}],"line":88}},"s":{"0":1,"1":1,"2":1,"3":1,"4":2,"5":2,"6":2,"7":1,"8":1,"9":1,"10":3,"11":3,"12":1,"13":2,"14":1,"15":1,"16":1,"17":1,"18":1,"19":1,"20":1,"21":1,"22":1,"23":1,"24":1,"25":1,"26":3,"27":3,"28":1,"29":2,"30":2,"31":1,"32":1,"33":1,"34":1,"35":9,"36":9,"37":6,"38":3,"39":3,"40":0,"41":0,"42":3,"43":1},"f":{"0":2,"1":2,"2":3,"3":1,"4":1,"5":1,"6":1,"7":1,"8":3,"9":2,"10":1,"11":9,"12":3},"b":{"0":[1,1],"1":[1,2],"2":[3,2,2],"3":[1,1],"4":[1,2],"5":[1,1],"6":[6,3],"7":[0,3]},"_coverageSchema":"1a1c01bbd47fc00a2c39e90264f33305004495a9","hash":"0581a5ef939fef30cd59a0ed10c68a39d28a5334"}
,"/Users/Jhohan/Desktop/BIT/proyecto/backend/api/models/lugaresModels.js": {"path":"/Users/Jhohan/Desktop/BIT/proyecto/backend/api/models/lugaresModels.js","statementMap":{"0":{"start":{"line":1,"column":22},"end":{"line":1,"column":24}},"1":{"start":{"line":2,"column":17},"end":{"line":2,"column":36}},"2":{"start":{"line":3,"column":13},"end":{"line":3,"column":28}},"3":{"start":{"line":4,"column":21},"end":{"line":11,"column":2}},"4":{"start":{"line":12,"column":15},"end":{"line":12,"column":54}},"5":{"start":{"line":13,"column":0},"end":{"line":30,"column":2}},"6":{"start":{"line":14,"column":20},"end":{"line":14,"column":32}},"7":{"start":{"line":15,"column":2},"end":{"line":15,"column":33}},"8":{"start":{"line":16,"column":2},"end":{"line":16,"column":39}},"9":{"start":{"line":17,"column":2},"end":{"line":17,"column":43}},"10":{"start":{"line":18,"column":2},"end":{"line":18,"column":30}},"11":{"start":{"line":19,"column":2},"end":{"line":19,"column":32}},"12":{"start":{"line":20,"column":2},"end":{"line":20,"column":34}},"13":{"start":{"line":21,"column":2},"end":{"line":29,"column":7}},"14":{"start":{"line":24,"column":6},"end":{"line":24,"column":61}},"15":{"start":{"line":27,"column":6},"end":{"line":27,"column":25}},"16":{"start":{"line":28,"column":6},"end":{"line":28,"column":41}},"17":{"start":{"line":31,"column":0},"end":{"line":38,"column":1}},"18":{"start":{"line":32,"column":2},"end":{"line":37,"column":4}},"19":{"start":{"line":33,"column":4},"end":{"line":33,"column":34}},"20":{"start":{"line":35,"column":4},"end":{"line":35,"column":22}},"21":{"start":{"line":36,"column":4},"end":{"line":36,"column":35}},"22":{"start":{"line":39,"column":0},"end":{"line":43,"column":1}},"23":{"start":{"line":40,"column":2},"end":{"line":42,"column":4}},"24":{"start":{"line":41,"column":4},"end":{"line":41,"column":41}},"25":{"start":{"line":44,"column":0},"end":{"line":48,"column":1}},"26":{"start":{"line":45,"column":2},"end":{"line":47,"column":4}},"27":{"start":{"line":46,"column":4},"end":{"line":46,"column":41}},"28":{"start":{"line":49,"column":0},"end":{"line":59,"column":1}},"29":{"start":{"line":50,"column":2},"end":{"line":50,"column":19}},"30":{"start":{"line":51,"column":2},"end":{"line":58,"column":4}},"31":{"start":{"line":54,"column":4},"end":{"line":54,"column":36}},"32":{"start":{"line":56,"column":4},"end":{"line":56,"column":22}},"33":{"start":{"line":57,"column":4},"end":{"line":57,"column":35}},"34":{"start":{"line":60,"column":0},"end":{"line":66,"column":1}},"35":{"start":{"line":61,"column":2},"end":{"line":65,"column":7}},"36":{"start":{"line":64,"column":6},"end":{"line":64,"column":33}},"37":{"start":{"line":67,"column":0},"end":{"line":71,"column":1}},"38":{"start":{"line":68,"column":2},"end":{"line":70,"column":4}},"39":{"start":{"line":69,"column":4},"end":{"line":69,"column":30}},"40":{"start":{"line":72,"column":0},"end":{"line":76,"column":1}},"41":{"start":{"line":73,"column":2},"end":{"line":75,"column":4}},"42":{"start":{"line":74,"column":4},"end":{"line":74,"column":30}},"43":{"start":{"line":77,"column":0},"end":{"line":77,"column":30}},"44":{"start":{"line":78,"column":0},"end":{"line":78,"column":45}}},"fnMap":{"0":{"name":"(anonymous_0)","decl":{"start":{"line":13,"column":24},"end":{"line":13,"column":25}},"loc":{"start":{"line":13,"column":44},"end":{"line":30,"column":1}},"line":13},"1":{"name":"(anonymous_1)","decl":{"start":{"line":23,"column":10},"end":{"line":23,"column":11}},"loc":{"start":{"line":23,"column":25},"end":{"line":25,"column":5}},"line":23},"2":{"name":"(anonymous_2)","decl":{"start":{"line":26,"column":11},"end":{"line":26,"column":12}},"loc":{"start":{"line":26,"column":22},"end":{"line":29,"column":5}},"line":26},"3":{"name":"(anonymous_3)","decl":{"start":{"line":31,"column":25},"end":{"line":31,"column":26}},"loc":{"start":{"line":31,"column":43},"end":{"line":38,"column":1}},"line":31},"4":{"name":"(anonymous_4)","decl":{"start":{"line":32,"column":42},"end":{"line":32,"column":43}},"loc":{"start":{"line":32,"column":55},"end":{"line":34,"column":3}},"line":32},"5":{"name":"(anonymous_5)","decl":{"start":{"line":34,"column":11},"end":{"line":34,"column":12}},"loc":{"start":{"line":34,"column":20},"end":{"line":37,"column":3}},"line":34},"6":{"name":"(anonymous_6)","decl":{"start":{"line":39,"column":25},"end":{"line":39,"column":26}},"loc":{"start":{"line":39,"column":45},"end":{"line":43,"column":1}},"line":39},"7":{"name":"(anonymous_7)","decl":{"start":{"line":40,"column":45},"end":{"line":40,"column":46}},"loc":{"start":{"line":40,"column":60},"end":{"line":42,"column":3}},"line":40},"8":{"name":"(anonymous_8)","decl":{"start":{"line":44,"column":28},"end":{"line":44,"column":29}},"loc":{"start":{"line":44,"column":42},"end":{"line":48,"column":1}},"line":44},"9":{"name":"(anonymous_9)","decl":{"start":{"line":45,"column":35},"end":{"line":45,"column":36}},"loc":{"start":{"line":45,"column":50},"end":{"line":47,"column":3}},"line":45},"10":{"name":"(anonymous_10)","decl":{"start":{"line":49,"column":27},"end":{"line":49,"column":28}},"loc":{"start":{"line":49,"column":47},"end":{"line":59,"column":1}},"line":49},"11":{"name":"(anonymous_11)","decl":{"start":{"line":53,"column":10},"end":{"line":53,"column":11}},"loc":{"start":{"line":53,"column":25},"end":{"line":55,"column":3}},"line":53},"12":{"name":"(anonymous_12)","decl":{"start":{"line":55,"column":11},"end":{"line":55,"column":12}},"loc":{"start":{"line":55,"column":20},"end":{"line":58,"column":3}},"line":55},"13":{"name":"(anonymous_13)","decl":{"start":{"line":60,"column":24},"end":{"line":60,"column":25}},"loc":{"start":{"line":60,"column":44},"end":{"line":66,"column":1}},"line":60},"14":{"name":"(anonymous_14)","decl":{"start":{"line":63,"column":10},"end":{"line":63,"column":11}},"loc":{"start":{"line":63,"column":25},"end":{"line":65,"column":5}},"line":63},"15":{"name":"(anonymous_15)","decl":{"start":{"line":67,"column":30},"end":{"line":67,"column":31}},"loc":{"start":{"line":67,"column":44},"end":{"line":71,"column":1}},"line":67},"16":{"name":"(anonymous_16)","decl":{"start":{"line":68,"column":29},"end":{"line":68,"column":30}},"loc":{"start":{"line":68,"column":42},"end":{"line":70,"column":3}},"line":68},"17":{"name":"(anonymous_17)","decl":{"start":{"line":72,"column":26},"end":{"line":72,"column":27}},"loc":{"start":{"line":72,"column":38},"end":{"line":76,"column":1}},"line":72},"18":{"name":"(anonymous_18)","decl":{"start":{"line":73,"column":26},"end":{"line":73,"column":27}},"loc":{"start":{"line":73,"column":39},"end":{"line":75,"column":3}},"line":73}},"branchMap":{},"s":{"0":1,"1":1,"2":1,"3":1,"4":1,"5":1,"6":3,"7":3,"8":3,"9":3,"10":3,"11":3,"12":3,"13":3,"14":3,"15":0,"16":0,"17":1,"18":1,"19":1,"20":0,"21":0,"22":1,"23":3,"24":3,"25":1,"26":1,"27":1,"28":1,"29":1,"30":1,"31":1,"32":0,"33":0,"34":1,"35":2,"36":2,"37":1,"38":2,"39":2,"40":1,"41":4,"42":4,"43":1,"44":1},"f":{"0":3,"1":3,"2":0,"3":1,"4":1,"5":0,"6":3,"7":3,"8":1,"9":1,"10":1,"11":1,"12":0,"13":2,"14":2,"15":2,"16":2,"17":4,"18":4},"b":{},"_coverageSchema":"1a1c01bbd47fc00a2c39e90264f33305004495a9","hash":"c415a62dad6b85df7d7e396fafd5603662ec6a16"}
,"/Users/Jhohan/Desktop/BIT/proyecto/backend/api/validations/lugaresValidations.js": {"path":"/Users/Jhohan/Desktop/BIT/proyecto/backend/api/validations/lugaresValidations.js","statementMap":{"0":{"start":{"line":1,"column":21},"end":{"line":1,"column":23}},"1":{"start":{"line":3,"column":26},"end":{"line":3,"column":47}},"2":{"start":{"line":4,"column":13},"end":{"line":4,"column":15}},"3":{"start":{"line":8,"column":0},"end":{"line":16,"column":1}},"4":{"start":{"line":9,"column":4},"end":{"line":9,"column":30}},"5":{"start":{"line":10,"column":4},"end":{"line":13,"column":5}},"6":{"start":{"line":11,"column":8},"end":{"line":11,"column":81}},"7":{"start":{"line":11,"column":57},"end":{"line":11,"column":80}},"8":{"start":{"line":12,"column":8},"end":{"line":12,"column":68}},"9":{"start":{"line":12,"column":31},"end":{"line":12,"column":68}},"10":{"start":{"line":14,"column":4},"end":{"line":14,"column":16}},"11":{"start":{"line":19,"column":0},"end":{"line":19,"column":40}}},"fnMap":{"0":{"name":"(anonymous_0)","decl":{"start":{"line":8,"column":21},"end":{"line":8,"column":22}},"loc":{"start":{"line":8,"column":31},"end":{"line":16,"column":1}},"line":8},"1":{"name":"(anonymous_1)","decl":{"start":{"line":11,"column":49},"end":{"line":11,"column":50}},"loc":{"start":{"line":11,"column":57},"end":{"line":11,"column":80}},"line":11}},"branchMap":{"0":{"loc":{"start":{"line":12,"column":8},"end":{"line":12,"column":68}},"type":"if","locations":[{"start":{"line":12,"column":8},"end":{"line":12,"column":68}},{"start":{},"end":{}}],"line":12}},"s":{"0":1,"1":1,"2":1,"3":1,"4":15,"5":15,"6":51,"7":129,"8":51,"9":12,"10":3,"11":1},"f":{"0":15,"1":129},"b":{"0":[12,39]},"_coverageSchema":"1a1c01bbd47fc00a2c39e90264f33305004495a9","hash":"79b5e26728fbcb050be8ca6c8db5071bc4d1a231"}
}
