TN:
SF:config.js
FNF:0
FNH:0
DA:1,1
DA:3,1
DA:4,1
DA:5,1
DA:6,1
DA:7,1
DA:10,1
DA:12,1
DA:13,1
DA:14,1
DA:15,1
DA:17,1
DA:21,1
LF:13
LH:13
BRF:0
BRH:0
end_of_record
TN:
SF:api/controllers/lugaresControllers.js
FN:7,(anonymous_0)
FN:10,(anonymous_1)
FN:19,(anonymous_2)
FN:28,(anonymous_3)
FN:35,(anonymous_4)
FN:36,(anonymous_5)
FN:41,(anonymous_6)
FN:51,(anonymous_7)
FN:56,(anonymous_8)
FN:63,(anonymous_9)
FN:67,(anonymous_10)
FN:75,(anonymous_11)
FN:87,(anonymous_12)
FNF:13
FNH:13
FNDA:2,(anonymous_0)
FNDA:2,(anonymous_1)
FNDA:3,(anonymous_2)
FNDA:1,(anonymous_3)
FNDA:1,(anonymous_4)
FNDA:1,(anonymous_5)
FNDA:1,(anonymous_6)
FNDA:1,(anonymous_7)
FNDA:3,(anonymous_8)
FNDA:2,(anonymous_9)
FNDA:1,(anonymous_10)
FNDA:9,(anonymous_11)
FNDA:3,(anonymous_12)
DA:1,1
DA:2,1
DA:3,1
DA:7,1
DA:8,2
DA:10,2
DA:11,2
DA:12,1
DA:14,1
DA:19,1
DA:20,3
DA:23,3
DA:24,1
DA:25,2
DA:26,1
DA:28,1
DA:29,1
DA:30,1
DA:35,1
DA:36,1
DA:37,1
DA:41,1
DA:42,1
DA:51,1
DA:52,1
DA:56,1
DA:57,3
DA:60,3
DA:61,1
DA:63,2
DA:64,2
DA:65,1
DA:67,1
DA:68,1
DA:75,1
DA:76,9
DA:84,9
DA:85,6
DA:87,3
DA:88,3
DA:89,0
DA:90,0
DA:92,3
DA:98,1
LF:44
LH:42
BRDA:11,0,0,1
BRDA:11,0,1,1
BRDA:23,1,0,1
BRDA:23,1,1,2
BRDA:23,2,0,3
BRDA:23,2,1,2
BRDA:23,2,2,2
BRDA:25,3,0,1
BRDA:25,3,1,1
BRDA:60,4,0,1
BRDA:60,4,1,2
BRDA:64,5,0,1
BRDA:64,5,1,1
BRDA:84,6,0,6
BRDA:84,6,1,3
BRDA:88,7,0,0
BRDA:88,7,1,3
BRF:17
BRH:16
end_of_record
TN:
SF:api/models/lugaresModels.js
FN:13,(anonymous_0)
FN:23,(anonymous_1)
FN:26,(anonymous_2)
FN:31,(anonymous_3)
FN:32,(anonymous_4)
FN:34,(anonymous_5)
FN:39,(anonymous_6)
FN:40,(anonymous_7)
FN:44,(anonymous_8)
FN:45,(anonymous_9)
FN:49,(anonymous_10)
FN:53,(anonymous_11)
FN:55,(anonymous_12)
FN:60,(anonymous_13)
FN:63,(anonymous_14)
FN:67,(anonymous_15)
FN:68,(anonymous_16)
FN:72,(anonymous_17)
FN:73,(anonymous_18)
FNF:19
FNH:16
FNDA:3,(anonymous_0)
FNDA:3,(anonymous_1)
FNDA:0,(anonymous_2)
FNDA:1,(anonymous_3)
FNDA:1,(anonymous_4)
FNDA:0,(anonymous_5)
FNDA:3,(anonymous_6)
FNDA:3,(anonymous_7)
FNDA:1,(anonymous_8)
FNDA:1,(anonymous_9)
FNDA:1,(anonymous_10)
FNDA:1,(anonymous_11)
FNDA:0,(anonymous_12)
FNDA:2,(anonymous_13)
FNDA:2,(anonymous_14)
FNDA:2,(anonymous_15)
FNDA:2,(anonymous_16)
FNDA:4,(anonymous_17)
FNDA:4,(anonymous_18)
DA:1,1
DA:2,1
DA:3,1
DA:4,1
DA:12,1
DA:13,1
DA:14,3
DA:15,3
DA:16,3
DA:17,3
DA:18,3
DA:19,3
DA:20,3
DA:21,3
DA:24,3
DA:27,0
DA:28,0
DA:31,1
DA:32,1
DA:33,1
DA:35,0
DA:36,0
DA:39,1
DA:40,3
DA:41,3
DA:44,1
DA:45,1
DA:46,1
DA:49,1
DA:50,1
DA:51,1
DA:54,1
DA:56,0
DA:57,0
DA:60,1
DA:61,2
DA:64,2
DA:67,1
DA:68,2
DA:69,2
DA:72,1
DA:73,4
DA:74,4
DA:77,1
DA:78,1
LF:45
LH:39
BRF:0
BRH:0
end_of_record
TN:
SF:api/validations/lugaresValidations.js
FN:8,(anonymous_0)
FN:11,(anonymous_1)
FNF:2
FNH:2
FNDA:15,(anonymous_0)
FNDA:129,(anonymous_1)
DA:1,1
DA:3,1
DA:4,1
DA:8,1
DA:9,15
DA:10,15
DA:11,129
DA:12,51
DA:14,3
DA:19,1
LF:10
LH:10
BRDA:12,0,0,12
BRDA:12,0,1,39
BRF:2
BRH:2
end_of_record
